<?xml version="1.0" encoding="UTF-8"?>
<coverage generated="1746219081363" clover="3.2.0">
  <project timestamp="1746219081363" name="All files">
    <metrics statements="88" coveredstatements="75" conditionals="14" coveredconditionals="11" methods="14" coveredmethods="12" elements="116" coveredelements="98" complexity="0" loc="88" ncloc="88" packages="1" files="2" classes="2"/>
    <file name="login-form.tsx" path="/Users/adamdawkins2/Desktop/Nova/src/components/auth/login-form.tsx">
      <metrics statements="41" coveredstatements="37" conditionals="5" coveredconditionals="4" methods="7" coveredmethods="6"/>
      <line num="3" count="1" type="stmt"/>
      <line num="4" count="1" type="stmt"/>
      <line num="5" count="1" type="stmt"/>
      <line num="6" count="1" type="stmt"/>
      <line num="7" count="1" type="stmt"/>
      <line num="8" count="1" type="stmt"/>
      <line num="9" count="1" type="stmt"/>
      <line num="10" count="1" type="stmt"/>
      <line num="12" count="5" type="stmt"/>
      <line num="13" count="19" type="stmt"/>
      <line num="14" count="19" type="stmt"/>
      <line num="15" count="19" type="stmt"/>
      <line num="16" count="19" type="stmt"/>
      <line num="17" count="19" type="stmt"/>
      <line num="19" count="19" type="stmt"/>
      <line num="20" count="3" type="stmt"/>
      <line num="21" count="3" type="stmt"/>
      <line num="22" count="3" type="stmt"/>
      <line num="24" count="3" type="stmt"/>
      <line num="25" count="3" type="stmt"/>
      <line num="30" count="2" type="cond" truecount="1" falsecount="0"/>
      <line num="31" count="1" type="stmt"/>
      <line num="32" count="1" type="stmt"/>
      <line num="36" count="1" type="stmt"/>
      <line num="38" count="1" type="stmt"/>
      <line num="39" count="1" type="stmt"/>
      <line num="41" count="3" type="stmt"/>
      <line num="45" count="19" type="stmt"/>
      <line num="46" count="1" type="stmt"/>
      <line num="47" count="1" type="stmt"/>
      <line num="49" count="1" type="stmt"/>
      <line num="50" count="1" type="stmt"/>
      <line num="57" count="1" type="cond" truecount="0" falsecount="1"/>
      <line num="58" count="0" type="stmt"/>
      <line num="61" count="0" type="stmt"/>
      <line num="62" count="0" type="stmt"/>
      <line num="64" count="1" type="stmt"/>
      <line num="85" count="3" type="stmt"/>
      <line num="95" count="3" type="stmt"/>
      <line num="116" count="0" type="stmt"/>
      <line num="125" count="1" type="stmt"/>
    </file>
    <file name="register-form.tsx" path="/Users/adamdawkins2/Desktop/Nova/src/components/auth/register-form.tsx">
      <metrics statements="47" coveredstatements="38" conditionals="9" coveredconditionals="7" methods="7" coveredmethods="6"/>
      <line num="3" count="1" type="stmt"/>
      <line num="4" count="1" type="stmt"/>
      <line num="5" count="1" type="stmt"/>
      <line num="6" count="1" type="stmt"/>
      <line num="7" count="1" type="stmt"/>
      <line num="8" count="1" type="stmt"/>
      <line num="9" count="1" type="stmt"/>
      <line num="10" count="1" type="stmt"/>
      <line num="12" count="5" type="stmt"/>
      <line num="13" count="15" type="stmt"/>
      <line num="14" count="15" type="stmt"/>
      <line num="15" count="15" type="stmt"/>
      <line num="16" count="15" type="stmt"/>
      <line num="17" count="15" type="stmt"/>
      <line num="18" count="15" type="stmt"/>
      <line num="20" count="15" type="stmt"/>
      <line num="21" count="2" type="stmt"/>
      <line num="22" count="2" type="stmt"/>
      <line num="23" count="2" type="stmt"/>
      <line num="24" count="2" type="stmt"/>
      <line num="26" count="2" type="cond" truecount="2" falsecount="1"/>
      <line num="27" count="0" type="stmt"/>
      <line num="28" count="0" type="stmt"/>
      <line num="29" count="0" type="stmt"/>
      <line num="32" count="2" type="stmt"/>
      <line num="33" count="2" type="stmt"/>
      <line num="41" count="2" type="cond" truecount="1" falsecount="0"/>
      <line num="42" count="1" type="stmt"/>
      <line num="43" count="1" type="stmt"/>
      <line num="46" count="1" type="stmt"/>
      <line num="48" count="0" type="stmt"/>
      <line num="49" count="0" type="stmt"/>
      <line num="51" count="2" type="stmt"/>
      <line num="55" count="15" type="stmt"/>
      <line num="56" count="1" type="stmt"/>
      <line num="57" count="1" type="stmt"/>
      <line num="59" count="1" type="stmt"/>
      <line num="60" count="1" type="stmt"/>
      <line num="67" count="1" type="cond" truecount="0" falsecount="1"/>
      <line num="68" count="0" type="stmt"/>
      <line num="71" count="0" type="stmt"/>
      <line num="72" count="0" type="stmt"/>
      <line num="74" count="1" type="stmt"/>
      <line num="96" count="2" type="stmt"/>
      <line num="106" count="2" type="stmt"/>
      <line num="130" count="1" type="stmt"/>
      <line num="139" count="0" type="stmt"/>
    </file>
  </project>
</coverage>
