{"/Users/adamdawkins2/Desktop/Nova/src/components/auth/login-form.tsx": {"path":"/Users/adamdawkins2/Desktop/Nova/src/components/auth/login-form.tsx","statementMap":{"0":{"start":{"line":12,"column":16},"end":{"line":12,"column":null}},"1":{"start":{"line":3,"column":23},"end":{"line":3,"column":null}},"2":{"start":{"line":4,"column":86},"end":{"line":4,"column":null}},"3":{"start":{"line":5,"column":22},"end":{"line":5,"column":null}},"4":{"start":{"line":6,"column":22},"end":{"line":6,"column":null}},"5":{"start":{"line":7,"column":44},"end":{"line":7,"column":null}},"6":{"start":{"line":8,"column":31},"end":{"line":8,"column":null}},"7":{"start":{"line":9,"column":22},"end":{"line":9,"column":null}},"8":{"start":{"line":10,"column":25},"end":{"line":10,"column":null}},"9":{"start":{"line":13,"column":28},"end":{"line":13,"column":null}},"10":{"start":{"line":14,"column":34},"end":{"line":14,"column":null}},"11":{"start":{"line":15,"column":28},"end":{"line":15,"column":null}},"12":{"start":{"line":16,"column":36},"end":{"line":16,"column":null}},"13":{"start":{"line":17,"column":19},"end":{"line":17,"column":null}},"14":{"start":{"line":19,"column":27},"end":{"line":43,"column":null}},"15":{"start":{"line":20,"column":4},"end":{"line":20,"column":null}},"16":{"start":{"line":21,"column":4},"end":{"line":21,"column":null}},"17":{"start":{"line":22,"column":4},"end":{"line":22,"column":null}},"18":{"start":{"line":24,"column":4},"end":{"line":42,"column":null}},"19":{"start":{"line":25,"column":24},"end":{"line":28,"column":null}},"20":{"start":{"line":30,"column":6},"end":{"line":33,"column":null}},"21":{"start":{"line":31,"column":8},"end":{"line":31,"column":null}},"22":{"start":{"line":32,"column":8},"end":{"line":32,"column":null}},"23":{"start":{"line":36,"column":6},"end":{"line":36,"column":null}},"24":{"start":{"line":38,"column":6},"end":{"line":38,"column":null}},"25":{"start":{"line":39,"column":6},"end":{"line":39,"column":null}},"26":{"start":{"line":41,"column":6},"end":{"line":41,"column":null}},"27":{"start":{"line":45,"column":27},"end":{"line":66,"column":null}},"28":{"start":{"line":46,"column":4},"end":{"line":46,"column":null}},"29":{"start":{"line":47,"column":4},"end":{"line":47,"column":null}},"30":{"start":{"line":49,"column":4},"end":{"line":65,"column":null}},"31":{"start":{"line":50,"column":24},"end":{"line":55,"column":null}},"32":{"start":{"line":57,"column":6},"end":{"line":59,"column":null}},"33":{"start":{"line":58,"column":8},"end":{"line":58,"column":null}},"34":{"start":{"line":61,"column":6},"end":{"line":61,"column":null}},"35":{"start":{"line":62,"column":6},"end":{"line":62,"column":null}},"36":{"start":{"line":64,"column":6},"end":{"line":64,"column":null}},"37":{"start":{"line":85,"column":31},"end":{"line":85,"column":null}},"38":{"start":{"line":95,"column":31},"end":{"line":95,"column":null}},"39":{"start":{"line":116,"column":27},"end":{"line":116,"column":null}},"40":{"start":{"line":125,"column":27},"end":{"line":125,"column":null}}},"fnMap":{"0":{"name":"LoginForm","decl":{"start":{"line":12,"column":16},"end":{"line":12,"column":null}},"loc":{"start":{"line":12,"column":16},"end":{"line":144,"column":null}}},"1":{"name":"(anonymous_2)","decl":{"start":{"line":19,"column":27},"end":{"line":19,"column":34}},"loc":{"start":{"line":19,"column":34},"end":{"line":43,"column":null}}},"2":{"name":"(anonymous_3)","decl":{"start":{"line":45,"column":27},"end":{"line":45,"column":34}},"loc":{"start":{"line":45,"column":34},"end":{"line":66,"column":null}}},"3":{"name":"(anonymous_4)","decl":{"start":{"line":85,"column":24},"end":{"line":85,"column":25}},"loc":{"start":{"line":85,"column":31},"end":{"line":85,"column":null}}},"4":{"name":"(anonymous_5)","decl":{"start":{"line":95,"column":24},"end":{"line":95,"column":25}},"loc":{"start":{"line":95,"column":31},"end":{"line":95,"column":null}}},"5":{"name":"(anonymous_6)","decl":{"start":{"line":116,"column":21},"end":{"line":116,"column":27}},"loc":{"start":{"line":116,"column":27},"end":{"line":116,"column":null}}},"6":{"name":"(anonymous_7)","decl":{"start":{"line":125,"column":21},"end":{"line":125,"column":27}},"loc":{"start":{"line":125,"column":27},"end":{"line":125,"column":null}}}},"branchMap":{"0":{"loc":{"start":{"line":30,"column":6},"end":{"line":33,"column":null}},"type":"if","locations":[{"start":{"line":30,"column":6},"end":{"line":33,"column":null}}]},"1":{"loc":{"start":{"line":57,"column":6},"end":{"line":59,"column":null}},"type":"if","locations":[{"start":{"line":57,"column":6},"end":{"line":59,"column":null}}]},"2":{"loc":{"start":{"line":75,"column":9},"end":{"line":75,"column":18}},"type":"binary-expr","locations":[{"start":{"line":75,"column":9},"end":{"line":75,"column":18}}]},"3":{"loc":{"start":{"line":100,"column":13},"end":{"line":100,"column":null}},"type":"cond-expr","locations":[{"start":{"line":100,"column":25},"end":{"line":100,"column":43}},{"start":{"line":100,"column":43},"end":{"line":100,"column":null}}]}},"s":{"0":5,"1":1,"2":1,"3":1,"4":1,"5":1,"6":1,"7":1,"8":1,"9":19,"10":19,"11":19,"12":19,"13":19,"14":19,"15":3,"16":3,"17":3,"18":3,"19":3,"20":2,"21":1,"22":1,"23":1,"24":1,"25":1,"26":3,"27":19,"28":1,"29":1,"30":1,"31":1,"32":1,"33":0,"34":0,"35":0,"36":1,"37":3,"38":3,"39":0,"40":1},"f":{"0":19,"1":3,"2":1,"3":3,"4":3,"5":0,"6":1},"b":{"0":[1],"1":[0],"2":[19],"3":[4,15]}}
,"/Users/adamdawkins2/Desktop/Nova/src/components/auth/register-form.tsx": {"path":"/Users/adamdawkins2/Desktop/Nova/src/components/auth/register-form.tsx","statementMap":{"0":{"start":{"line":12,"column":16},"end":{"line":12,"column":null}},"1":{"start":{"line":3,"column":23},"end":{"line":3,"column":null}},"2":{"start":{"line":4,"column":86},"end":{"line":4,"column":null}},"3":{"start":{"line":5,"column":22},"end":{"line":5,"column":null}},"4":{"start":{"line":6,"column":22},"end":{"line":6,"column":null}},"5":{"start":{"line":7,"column":44},"end":{"line":7,"column":null}},"6":{"start":{"line":8,"column":22},"end":{"line":8,"column":null}},"7":{"start":{"line":9,"column":31},"end":{"line":9,"column":null}},"8":{"start":{"line":10,"column":25},"end":{"line":10,"column":null}},"9":{"start":{"line":13,"column":28},"end":{"line":13,"column":null}},"10":{"start":{"line":14,"column":34},"end":{"line":14,"column":null}},"11":{"start":{"line":15,"column":28},"end":{"line":15,"column":null}},"12":{"start":{"line":16,"column":36},"end":{"line":16,"column":null}},"13":{"start":{"line":17,"column":32},"end":{"line":17,"column":null}},"14":{"start":{"line":18,"column":19},"end":{"line":18,"column":null}},"15":{"start":{"line":20,"column":23},"end":{"line":53,"column":null}},"16":{"start":{"line":21,"column":4},"end":{"line":21,"column":null}},"17":{"start":{"line":22,"column":4},"end":{"line":22,"column":null}},"18":{"start":{"line":23,"column":4},"end":{"line":23,"column":null}},"19":{"start":{"line":24,"column":4},"end":{"line":24,"column":null}},"20":{"start":{"line":26,"column":4},"end":{"line":30,"column":null}},"21":{"start":{"line":27,"column":6},"end":{"line":27,"column":null}},"22":{"start":{"line":28,"column":6},"end":{"line":28,"column":null}},"23":{"start":{"line":29,"column":6},"end":{"line":29,"column":null}},"24":{"start":{"line":32,"column":4},"end":{"line":52,"column":null}},"25":{"start":{"line":33,"column":24},"end":{"line":39,"column":null}},"26":{"start":{"line":41,"column":6},"end":{"line":44,"column":null}},"27":{"start":{"line":42,"column":8},"end":{"line":42,"column":null}},"28":{"start":{"line":43,"column":8},"end":{"line":43,"column":null}},"29":{"start":{"line":46,"column":6},"end":{"line":46,"column":null}},"30":{"start":{"line":48,"column":6},"end":{"line":48,"column":null}},"31":{"start":{"line":49,"column":6},"end":{"line":49,"column":null}},"32":{"start":{"line":51,"column":6},"end":{"line":51,"column":null}},"33":{"start":{"line":55,"column":28},"end":{"line":76,"column":null}},"34":{"start":{"line":56,"column":4},"end":{"line":56,"column":null}},"35":{"start":{"line":57,"column":4},"end":{"line":57,"column":null}},"36":{"start":{"line":59,"column":4},"end":{"line":75,"column":null}},"37":{"start":{"line":60,"column":24},"end":{"line":65,"column":null}},"38":{"start":{"line":67,"column":6},"end":{"line":69,"column":null}},"39":{"start":{"line":68,"column":8},"end":{"line":68,"column":null}},"40":{"start":{"line":71,"column":6},"end":{"line":71,"column":null}},"41":{"start":{"line":72,"column":6},"end":{"line":72,"column":null}},"42":{"start":{"line":74,"column":6},"end":{"line":74,"column":null}},"43":{"start":{"line":96,"column":31},"end":{"line":96,"column":null}},"44":{"start":{"line":106,"column":31},"end":{"line":106,"column":null}},"45":{"start":{"line":130,"column":27},"end":{"line":130,"column":null}},"46":{"start":{"line":139,"column":27},"end":{"line":139,"column":null}}},"fnMap":{"0":{"name":"RegisterForm","decl":{"start":{"line":12,"column":16},"end":{"line":12,"column":null}},"loc":{"start":{"line":12,"column":16},"end":{"line":158,"column":null}}},"1":{"name":"(anonymous_2)","decl":{"start":{"line":20,"column":23},"end":{"line":20,"column":30}},"loc":{"start":{"line":20,"column":30},"end":{"line":53,"column":null}}},"2":{"name":"(anonymous_3)","decl":{"start":{"line":55,"column":28},"end":{"line":55,"column":35}},"loc":{"start":{"line":55,"column":35},"end":{"line":76,"column":null}}},"3":{"name":"(anonymous_4)","decl":{"start":{"line":96,"column":24},"end":{"line":96,"column":25}},"loc":{"start":{"line":96,"column":31},"end":{"line":96,"column":null}}},"4":{"name":"(anonymous_5)","decl":{"start":{"line":106,"column":24},"end":{"line":106,"column":25}},"loc":{"start":{"line":106,"column":31},"end":{"line":106,"column":null}}},"5":{"name":"(anonymous_6)","decl":{"start":{"line":130,"column":21},"end":{"line":130,"column":27}},"loc":{"start":{"line":130,"column":27},"end":{"line":130,"column":null}}},"6":{"name":"(anonymous_7)","decl":{"start":{"line":139,"column":21},"end":{"line":139,"column":27}},"loc":{"start":{"line":139,"column":27},"end":{"line":139,"column":null}}}},"branchMap":{"0":{"loc":{"start":{"line":26,"column":4},"end":{"line":30,"column":null}},"type":"if","locations":[{"start":{"line":26,"column":4},"end":{"line":30,"column":null}}]},"1":{"loc":{"start":{"line":26,"column":8},"end":{"line":26,"column":29}},"type":"binary-expr","locations":[{"start":{"line":26,"column":8},"end":{"line":26,"column":18}},{"start":{"line":26,"column":18},"end":{"line":26,"column":29}}]},"2":{"loc":{"start":{"line":41,"column":6},"end":{"line":44,"column":null}},"type":"if","locations":[{"start":{"line":41,"column":6},"end":{"line":44,"column":null}}]},"3":{"loc":{"start":{"line":67,"column":6},"end":{"line":69,"column":null}},"type":"if","locations":[{"start":{"line":67,"column":6},"end":{"line":69,"column":null}}]},"4":{"loc":{"start":{"line":85,"column":9},"end":{"line":85,"column":18}},"type":"binary-expr","locations":[{"start":{"line":85,"column":9},"end":{"line":85,"column":18}}]},"5":{"loc":{"start":{"line":86,"column":9},"end":{"line":86,"column":20}},"type":"binary-expr","locations":[{"start":{"line":86,"column":9},"end":{"line":86,"column":20}}]},"6":{"loc":{"start":{"line":114,"column":13},"end":{"line":114,"column":null}},"type":"cond-expr","locations":[{"start":{"line":114,"column":25},"end":{"line":114,"column":49}},{"start":{"line":114,"column":49},"end":{"line":114,"column":null}}]}},"s":{"0":5,"1":1,"2":1,"3":1,"4":1,"5":1,"6":1,"7":1,"8":1,"9":15,"10":15,"11":15,"12":15,"13":15,"14":15,"15":15,"16":2,"17":2,"18":2,"19":2,"20":2,"21":0,"22":0,"23":0,"24":2,"25":2,"26":2,"27":1,"28":1,"29":1,"30":0,"31":0,"32":2,"33":15,"34":1,"35":1,"36":1,"37":1,"38":1,"39":0,"40":0,"41":0,"42":1,"43":2,"44":2,"45":1,"46":0},"f":{"0":15,"1":2,"2":1,"3":2,"4":2,"5":1,"6":0},"b":{"0":[0],"1":[2,2],"2":[1],"3":[0],"4":[15],"5":[15],"6":[3,12]}}
}
