TN:
SF:src/components/auth/login-form.tsx
FN:12,LoginForm
FN:19,(anonymous_2)
FN:45,(anonymous_3)
FN:85,(anonymous_4)
FN:95,(anonymous_5)
FN:116,(anonymous_6)
FN:125,(anonymous_7)
FNF:7
FNH:6
FNDA:19,LoginForm
FNDA:3,(anonymous_2)
FNDA:1,(anonymous_3)
FNDA:3,(anonymous_4)
FNDA:3,(anonymous_5)
FNDA:0,(anonymous_6)
FNDA:1,(anonymous_7)
DA:3,1
DA:4,1
DA:5,1
DA:6,1
DA:7,1
DA:8,1
DA:9,1
DA:10,1
DA:12,5
DA:13,19
DA:14,19
DA:15,19
DA:16,19
DA:17,19
DA:19,19
DA:20,3
DA:21,3
DA:22,3
DA:24,3
DA:25,3
DA:30,2
DA:31,1
DA:32,1
DA:36,1
DA:38,1
DA:39,1
DA:41,3
DA:45,19
DA:46,1
DA:47,1
DA:49,1
DA:50,1
DA:57,1
DA:58,0
DA:61,0
DA:62,0
DA:64,1
DA:85,3
DA:95,3
DA:116,0
DA:125,1
LF:41
LH:37
BRDA:30,0,0,1
BRDA:57,1,0,0
BRDA:75,2,0,19
BRDA:100,3,0,4
BRDA:100,3,1,15
BRF:5
BRH:4
end_of_record
TN:
SF:src/components/auth/register-form.tsx
FN:12,RegisterForm
FN:20,(anonymous_2)
FN:55,(anonymous_3)
FN:96,(anonymous_4)
FN:106,(anonymous_5)
FN:130,(anonymous_6)
FN:139,(anonymous_7)
FNF:7
FNH:6
FNDA:15,RegisterForm
FNDA:2,(anonymous_2)
FNDA:1,(anonymous_3)
FNDA:2,(anonymous_4)
FNDA:2,(anonymous_5)
FNDA:1,(anonymous_6)
FNDA:0,(anonymous_7)
DA:3,1
DA:4,1
DA:5,1
DA:6,1
DA:7,1
DA:8,1
DA:9,1
DA:10,1
DA:12,5
DA:13,15
DA:14,15
DA:15,15
DA:16,15
DA:17,15
DA:18,15
DA:20,15
DA:21,2
DA:22,2
DA:23,2
DA:24,2
DA:26,2
DA:27,0
DA:28,0
DA:29,0
DA:32,2
DA:33,2
DA:41,2
DA:42,1
DA:43,1
DA:46,1
DA:48,0
DA:49,0
DA:51,2
DA:55,15
DA:56,1
DA:57,1
DA:59,1
DA:60,1
DA:67,1
DA:68,0
DA:71,0
DA:72,0
DA:74,1
DA:96,2
DA:106,2
DA:130,1
DA:139,0
LF:47
LH:38
BRDA:26,0,0,0
BRDA:26,1,0,2
BRDA:26,1,1,2
BRDA:41,2,0,1
BRDA:67,3,0,0
BRDA:85,4,0,15
BRDA:86,5,0,15
BRDA:114,6,0,3
BRDA:114,6,1,12
BRF:9
BRH:7
end_of_record
